
> @plyaz/ui@0.1.8 build-storybook /Users/usmanqadir/Desktop/projects/ui
> storybook build --output-dir\=/var/folders/jf/ms82wz0s223_p2_kk60fjhfh0000gp/T/chromatic--27307-eY6DD0d4Ddnq

[1m@storybook/core v8.6.12
[22m
info => Cleaning outputDir: [36m../../../../../var/folders/jf/ms82wz0s223_p2_kk60fjhfh0000gp/T/chromatic--27307-eY6DD0d4Ddnq[39m
info => Loading presets
info Found existing addon "@storybook/addon-controls", skipping.
info Found existing addon "@storybook/addon-docs", skipping.
info Found existing addon "@storybook/addon-viewport", skipping.
info Found existing addon "@storybook/addon-controls", skipping.
info Found existing addon "@storybook/addon-docs", skipping.
info Found existing addon "@storybook/addon-viewport", skipping.
info => Building manager..
info => Manager built ([38;2;181;126;229m147 ms[39m)
info => Building preview..
info Using tsconfig paths for react-docgen
[36mvite v6.3.5 [32mbuilding for production...[36m[39m
transforming...
[32m✓[39m 142 modules transformed.
rendering chunks...

[vite:dts] Start generate declaration files...
computing gzip size...
[vite:dts] Declaration files built in 1266ms.

[2mdist/[22m[32miframe.html                               [39m[1m[2m 17.87 kB[22m[1m[22m[2m │ gzip:   5.02 kB[22m
[2mdist/[22m[2massets/[22m[35mpreview-DPG60Hlv.css               [39m[1m[2m 14.90 kB[22m[1m[22m[2m │ gzip:   3.75 kB[22m
[2mdist/[22m[2massets/[22m[36m_commonjsHelpers-CqkleIqs.js       [39m[1m[2m  0.12 kB[22m[1m[22m[2m │ gzip:   0.13 kB[22m[2m │ map:     0.11 kB[22m
[2mdist/[22m[2massets/[22m[36mindex-C2IBDohI.js                  [39m[1m[2m  0.16 kB[22m[1m[22m[2m │ gzip:   0.15 kB[22m[2m │ map:     0.67 kB[22m
[2mdist/[22m[2massets/[22m[36mpreview-BRa-wPti.js                [39m[1m[2m  0.16 kB[22m[1m[22m[2m │ gzip:   0.16 kB[22m[2m │ map:     0.73 kB[22m
[2mdist/[22m[2massets/[22m[36mpreview-CvbIS5ZJ.js                [39m[1m[2m  0.18 kB[22m[1m[22m[2m │ gzip:   0.16 kB[22m[2m │ map:     0.73 kB[22m
[2mdist/[22m[2massets/[22m[36mclsx-B-dksMZM.js                   [39m[1m[2m  0.37 kB[22m[1m[22m[2m │ gzip:   0.24 kB[22m[2m │ map:     1.17 kB[22m
[2mdist/[22m[2massets/[22m[36mindex-7_urXZbD.js                  [39m[1m[2m  0.46 kB[22m[1m[22m[2m │ gzip:   0.29 kB[22m[2m │ map:     3.24 kB[22m
[2mdist/[22m[2massets/[22m[36mBox-D6yHM1Iu.js                    [39m[1m[2m  0.59 kB[22m[1m[22m[2m │ gzip:   0.34 kB[22m[2m │ map:     0.86 kB[22m
[2mdist/[22m[2massets/[22m[36mchunk-XP5HYGXS-BpfKkqn7.js         [39m[1m[2m  0.71 kB[22m[1m[22m[2m │ gzip:   0.40 kB[22m[2m │ map:     2.84 kB[22m
[2mdist/[22m[2massets/[22m[36mpreview-DGUiP6tS.js                [39m[1m[2m  0.71 kB[22m[1m[22m[2m │ gzip:   0.50 kB[22m[2m │ map:     2.49 kB[22m
[2mdist/[22m[2massets/[22m[36mjsx-runtime-D_zvdyIk.js            [39m[1m[2m  0.73 kB[22m[1m[22m[2m │ gzip:   0.46 kB[22m[2m │ map:     2.21 kB[22m
[2mdist/[22m[2massets/[22m[36mindex-DrFu-skq.js                  [39m[1m[2m  0.77 kB[22m[1m[22m[2m │ gzip:   0.47 kB[22m[2m │ map:     3.24 kB[22m
[2mdist/[22m[2massets/[22m[36mpreview-DRpMNRhw.js                [39m[1m[2m  0.94 kB[22m[1m[22m[2m │ gzip:   0.59 kB[22m[2m │ map:     2.85 kB[22m
[2mdist/[22m[2massets/[22m[36mtest-utils-6-KwBhJ0.js             [39m[1m[2m  1.16 kB[22m[1m[22m[2m │ gzip:   0.72 kB[22m[2m │ map:     1.57 kB[22m
[2mdist/[22m[2massets/[22m[36mDocsRenderer-CFRXHY34-PxVr8-Oz.js  [39m[1m[2m  1.38 kB[22m[1m[22m[2m │ gzip:   0.73 kB[22m[2m │ map:     2.74 kB[22m
[2mdist/[22m[2massets/[22m[36mpreview-Dnn79QV-.js                [39m[1m[2m  1.57 kB[22m[1m[22m[2m │ gzip:   0.83 kB[22m[2m │ map:     4.36 kB[22m
[2mdist/[22m[2massets/[22m[36mGrid-bX1IjPGO.js                   [39m[1m[2m  1.67 kB[22m[1m[22m[2m │ gzip:   0.59 kB[22m[2m │ map:     2.06 kB[22m
[2mdist/[22m[2massets/[22m[36mpreview-C2CoDFoJ.js                [39m[1m[2m  2.21 kB[22m[1m[22m[2m │ gzip:   1.20 kB[22m[2m │ map:     5.93 kB[22m
[2mdist/[22m[2massets/[22m[36mText-CSRNCcoB.js                   [39m[1m[2m  2.23 kB[22m[1m[22m[2m │ gzip:   0.74 kB[22m[2m │ map:     2.42 kB[22m
[2mdist/[22m[2massets/[22m[36mSection.stories-COVJ2oqa.js        [39m[1m[2m  2.35 kB[22m[1m[22m[2m │ gzip:   1.05 kB[22m[2m │ map:     3.59 kB[22m
[2mdist/[22m[2massets/[22m[36mContainer.stories-WNldJU66.js      [39m[1m[2m  2.51 kB[22m[1m[22m[2m │ gzip:   1.08 kB[22m[2m │ map:     3.82 kB[22m
[2mdist/[22m[2massets/[22m[36mExternalLink-Cj70Tb_W.js           [39m[1m[2m  2.68 kB[22m[1m[22m[2m │ gzip:   1.11 kB[22m[2m │ map:     3.81 kB[22m
[2mdist/[22m[2massets/[22m[36mExternalLink.stories-ChD3nt0u.js   [39m[1m[2m  2.81 kB[22m[1m[22m[2m │ gzip:   1.14 kB[22m[2m │ map:     4.21 kB[22m
[2mdist/[22m[2massets/[22m[36mSection-D_xDbRWi.js                [39m[1m[2m  2.85 kB[22m[1m[22m[2m │ gzip:   1.16 kB[22m[2m │ map:     3.88 kB[22m
[2mdist/[22m[2massets/[22m[36mText-BWVJ_goU.js                   [39m[1m[2m  3.10 kB[22m[1m[22m[2m │ gzip:   1.22 kB[22m[2m │ map:     4.44 kB[22m
[2mdist/[22m[2massets/[22m[36mText.stories-VAHFtIKr.js           [39m[1m[2m  3.12 kB[22m[1m[22m[2m │ gzip:   1.05 kB[22m[2m │ map:     4.19 kB[22m
[2mdist/[22m[2massets/[22m[36mParagraph-CvUX5iS6.js              [39m[1m[2m  3.30 kB[22m[1m[22m[2m │ gzip:   1.23 kB[22m[2m │ map:     4.87 kB[22m
[2mdist/[22m[2massets/[22m[36mHeading-CncASqmu.js                [39m[1m[2m  3.39 kB[22m[1m[22m[2m │ gzip:   1.23 kB[22m[2m │ map:     5.15 kB[22m
[2mdist/[22m[2massets/[22m[36mpreview-DD_OYowb.js                [39m[1m[2m  3.51 kB[22m[1m[22m[2m │ gzip:   1.69 kB[22m[2m │ map:    12.90 kB[22m
[2mdist/[22m[2massets/[22m[36mGrid-DkUXsKbU.js                   [39m[1m[2m  3.52 kB[22m[1m[22m[2m │ gzip:   1.30 kB[22m[2m │ map:     4.87 kB[22m
[2mdist/[22m[2massets/[22m[36mGrid.stories-C17RQ54d.js           [39m[1m[2m  3.54 kB[22m[1m[22m[2m │ gzip:   1.15 kB[22m[2m │ map:     4.85 kB[22m
[2mdist/[22m[2massets/[22m[36mFlex-Bg6mqgft.js                   [39m[1m[2m  3.56 kB[22m[1m[22m[2m │ gzip:   1.31 kB[22m[2m │ map:     4.94 kB[22m
[2mdist/[22m[2massets/[22m[36mStack-TUqJabDb.js                  [39m[1m[2m  3.58 kB[22m[1m[22m[2m │ gzip:   1.24 kB[22m[2m │ map:     5.15 kB[22m
[2mdist/[22m[2massets/[22m[36mBox-BmcU76fa.js                    [39m[1m[2m  3.85 kB[22m[1m[22m[2m │ gzip:   1.37 kB[22m[2m │ map:     5.85 kB[22m
[2mdist/[22m[2massets/[22m[36mindex-PxHYSiC3.js                  [39m[1m[2m  3.89 kB[22m[1m[22m[2m │ gzip:   1.52 kB[22m[2m │ map:    13.05 kB[22m
[2mdist/[22m[2massets/[22m[36mParagraph.stories-Cqa6VI_a.js      [39m[1m[2m  4.01 kB[22m[1m[22m[2m │ gzip:   1.35 kB[22m[2m │ map:     5.32 kB[22m
[2mdist/[22m[2massets/[22m[36mContainer-CNmZmQ_I.js              [39m[1m[2m  4.31 kB[22m[1m[22m[2m │ gzip:   1.46 kB[22m[2m │ map:     6.21 kB[22m
[2mdist/[22m[2massets/[22m[36mBox.stories-DMlp4lKP.js            [39m[1m[2m  4.76 kB[22m[1m[22m[2m │ gzip:   1.30 kB[22m[2m │ map:     5.74 kB[22m
[2mdist/[22m[2massets/[22m[36mStack.stories-CEleFwei.js          [39m[1m[2m  4.92 kB[22m[1m[22m[2m │ gzip:   1.43 kB[22m[2m │ map:     6.09 kB[22m
[2mdist/[22m[2massets/[22m[36mpreview-B8lJiyuQ.js                [39m[1m[2m  5.06 kB[22m[1m[22m[2m │ gzip:   1.88 kB[22m[2m │ map:    15.17 kB[22m
[2mdist/[22m[2massets/[22m[36mFlex.stories-KCkaHNwG.js           [39m[1m[2m  5.19 kB[22m[1m[22m[2m │ gzip:   1.67 kB[22m[2m │ map:     7.10 kB[22m
[2mdist/[22m[2massets/[22m[36mHeading.stories-CSVs7XWi.js        [39m[1m[2m  5.40 kB[22m[1m[22m[2m │ gzip:   1.57 kB[22m[2m │ map:     6.66 kB[22m
[2mdist/[22m[2massets/[22m[36mpreview-BWzBA1C2.js                [39m[1m[2m  7.62 kB[22m[1m[22m[2m │ gzip:   1.56 kB[22m[2m │ map:    14.03 kB[22m
[2mdist/[22m[2massets/[22m[36mtailwind.config-CHmlT15_.js        [39m[1m[2m  7.81 kB[22m[1m[22m[2m │ gzip:   2.78 kB[22m[2m │ map:    23.33 kB[22m
[2mdist/[22m[2massets/[22m[36mpreview-BBWR9nbA.js                [39m[1m[2m  8.12 kB[22m[1m[22m[2m │ gzip:   3.10 kB[22m[2m │ map:    29.01 kB[22m
[2mdist/[22m[2massets/[22m[36mindex-CdUicJsP.js                  [39m[1m[2m  8.35 kB[22m[1m[22m[2m │ gzip:   3.28 kB[22m[2m │ map:    29.53 kB[22m
[2mdist/[22m[2massets/[22m[36mColor-YHDXOIA2-CYFt37Kt.js         [39m[1m[2m 29.33 kB[22m[1m[22m[2m │ gzip:  11.04 kB[22m[2m │ map:    82.65 kB[22m
[2mdist/[22m[2massets/[22m[36mmatchers-7Z3WT2CE-T3xScrR7.js      [39m[1m[2m 29.81 kB[22m[1m[22m[2m │ gzip:  10.30 kB[22m[2m │ map:    97.34 kB[22m
[2mdist/[22m[2massets/[22m[36mentry-preview-Bvg6jdkG.js          [39m[1m[2m 29.84 kB[22m[1m[22m[2m │ gzip:   9.55 kB[22m[2m │ map:    87.96 kB[22m
[2mdist/[22m[2massets/[22m[36mindex-CXQShRbs.js                  [39m[1m[2m 53.73 kB[22m[1m[22m[2m │ gzip:  15.55 kB[22m[2m │ map:   195.20 kB[22m
[2mdist/[22m[2massets/[22m[36mreact-18-DroeUvO3.js               [39m[1m[2m174.57 kB[22m[1m[22m[2m │ gzip:  55.28 kB[22m[2m │ map:   837.11 kB[22m
[2mdist/[22m[2massets/[22m[36miframe-DOTz7Bya.js                 [39m[1m[2m216.33 kB[22m[1m[22m[2m │ gzip:  72.72 kB[22m[2m │ map:   527.34 kB[22m
[2mdist/[22m[2massets/[22m[36mentry-preview-docs-CYJxkhVO.js     [39m[1m[2m247.11 kB[22m[1m[22m[2m │ gzip:  73.44 kB[22m[2m │ map:   660.75 kB[22m
[2mdist/[22m[2massets/[22m[36maxe-CGjeO0Ii.js                    [39m[1m[33m572.54 kB[39m[22m[2m │ gzip: 158.07 kB[22m[2m │ map: 2,085.76 kB[22m
[2mdist/[22m[2massets/[22m[36mindex-Cu0nFk24.js                  [39m[1m[33m662.16 kB[39m[22m[2m │ gzip: 156.69 kB[22m[2m │ map: 1,902.20 kB[22m
[2mdist/[22m[2massets/[22m[36mindex-9nKKLI6J.js                  [39m[1m[33m884.79 kB[39m[22m[2m │ gzip: 274.85 kB[22m[2m │ map: 2,489.34 kB[22m
[32m✓ built in 28.23s[39m
info => Preview built ([38;2;181;126;229m30 s[39m)
info => Output directory: /var/folders/jf/ms82wz0s223_p2_kk60fjhfh0000gp/T/chromatic--27307-eY6DD0d4Ddnq
